0 info it worked if it ends with ok
1 verbose cli [ '/usr/local/bin/iojs', '/usr/local/bin/npm', 'run', 'serve' ]
2 info using npm@2.14.3
3 info using node@v3.3.1
4 verbose run-script [ 'preserve', 'serve', 'postserve' ]
5 info preserve raulnabarret@2.0.0
6 info serve raulnabarret@2.0.0
7 verbose unsafe-perm in lifecycle true
8 info raulnabarret@2.0.0 Failed to exec serve script
9 verbose stack Error: raulnabarret@2.0.0 serve: `http server .`
9 verbose stack spawn ENOENT
9 verbose stack     at ChildProcess.<anonymous> (/usr/local/lib/node_modules/npm/lib/utils/spawn.js:17:16)
9 verbose stack     at emitTwo (events.js:87:13)
9 verbose stack     at ChildProcess.emit (events.js:172:7)
9 verbose stack     at maybeClose (internal/child_process.js:764:16)
9 verbose stack     at Process.ChildProcess._handle.onexit (internal/child_process.js:211:5)
10 verbose pkgid raulnabarret@2.0.0
11 verbose cwd /Users/Admin/Desktop/resume/online
12 error Darwin 15.5.0
13 error argv "/usr/local/bin/iojs" "/usr/local/bin/npm" "run" "serve"
14 error node v3.3.1
15 error npm  v2.14.3
16 error file sh
17 error code ELIFECYCLE
18 error errno ENOENT
19 error syscall spawn
20 error raulnabarret@2.0.0 serve: `http server .`
20 error spawn ENOENT
21 error Failed at the raulnabarret@2.0.0 serve script 'http server .'.
21 error This is most likely a problem with the raulnabarret package,
21 error not with npm itself.
21 error Tell the author that this fails on your system:
21 error     http server .
21 error You can get their info via:
21 error     npm owner ls raulnabarret
21 error There is likely additional logging output above.
22 verbose exit [ 1, true ]
